2017-05-11 17:56:33 [-][-][-][error][yii\console\UnknownCommandException] yii\base\InvalidRouteException: Unable to resolve the request "migrations". in D:\Games\OpenServer\domains\advanced\vendor\yiisoft\yii2\base\Module.php:532
Stack trace:
#0 D:\Games\OpenServer\domains\advanced\vendor\yiisoft\yii2\console\Application.php(180): yii\base\Module->runAction('migrations', Array)
#1 D:\Games\OpenServer\domains\advanced\vendor\yiisoft\yii2\console\Application.php(147): yii\console\Application->runAction('migrations', Array)
#2 D:\Games\OpenServer\domains\advanced\vendor\yiisoft\yii2\base\Application.php(380): yii\console\Application->handleRequest(Object(yii\console\Request))
#3 D:\Games\OpenServer\domains\advanced\yii(27): yii\base\Application->run()
#4 {main}

Next yii\console\UnknownCommandException: Unknown command "migrations". in D:\Games\OpenServer\domains\advanced\vendor\yiisoft\yii2\console\Application.php:183
Stack trace:
#0 D:\Games\OpenServer\domains\advanced\vendor\yiisoft\yii2\console\Application.php(147): yii\console\Application->runAction('migrations', Array)
#1 D:\Games\OpenServer\domains\advanced\vendor\yiisoft\yii2\base\Application.php(380): yii\console\Application->handleRequest(Object(yii\console\Request))
#2 D:\Games\OpenServer\domains\advanced\yii(27): yii\base\Application->run()
#3 {main}
2017-05-11 17:56:33 [-][-][-][info][application] $_SERVER = [
    'ALLUSERSPROFILE' => 'C:\\ProgramData'
    'ANSICON' => '88x9000 (88x25)'
    'ANSICON_DEF' => '7'
    'APPDATA' => 'C:\\Users\\123\\AppData\\Roaming'
    'BREAKPAD_DUMP_LOCATION' => 'C:\\Users\\Public\\Documents\\Google\\Chrome'
    'CHROME_CRASHPAD_SERVER_URL' => 'https://client2.google.com/cr/reports'
    'CommonProgramFiles' => 'C:\\Program Files\\Common Files'
    'CommonProgramFiles(x86)' => 'C:\\Program Files (x86)\\Common Files'
    'CommonProgramW6432' => 'C:\\Program Files\\Common Files'
    'COMPUTERNAME' => 'DESKTOP-GN6A2HH'
    'ComSpec' => 'C:\\Windows\\system32\\cmd.exe'
    'ConEmuANSI' => 'ON'
    'ConEmuAnsiLog' => ''
    'ConEmuArgs' => '/Single'
    'ConEmuBackHWND' => '0x00030B1A'
    'ConEmuBaseDir' => 'D:\\games\\openserver\\modules\\conemu\\ConEmu'
    'ConEmuBuild' => '150813g'
    'ConEmuConfig' => ''
    'ConEmuDir' => 'D:\\games\\openserver\\modules\\conemu'
    'ConEmuDrawHWND' => '0x00030B3A'
    'ConEmuDrive' => 'D:'
    'ConEmuHooks' => 'Enabled'
    'ConEmuHWND' => '0x00160800'
    'ConEmuPID' => '3092'
    'ConEmuPrompt0' => '$E[32m$E]9;8;\"USERNAME\"$E\\@$E]9;8;\"COMPUTERNAME\"$E\\$S'
    'ConEmuPrompt1' => '$E[32m$E]9;8;\"USERNAME\"$E\\@$E]9;8;\"COMPUTERNAME\"$E\\$S$E[92m$P$E[90m'
    'ConEmuPrompt2' => '$_$E[90m$G'
    'ConEmuPrompt3' => '$E[m$S'
    'ConEmuServerPID' => '9316'
    'ConEmuWorkDir' => 'd:\\games\\openserver'
    'ConEmuWorkDrive' => 'd:'
    'HOME' => 'd:\\games\\openserver'
    'HOMEDRIVE' => 'd:'
    'HOMEPATH' => '\\games\\openserver'
    'LOCALAPPDATA' => 'C:\\Users\\123\\AppData\\Local'
    'LOGONSERVER' => '\\\\DESKTOP-GN6A2HH'
    'MAGICK_CODER_FILTER_PATH' => 'd:\\games\\openserver\\modules\\imagemagick\\modules\\filters'
    'MAGICK_CODER_MODULE_PATH' => 'd:\\games\\openserver\\modules\\imagemagick\\modules\\coders'
    'MAGICK_CONFIGURE_PATH' => 'd:\\games\\openserver\\modules\\imagemagick'
    'MAGICK_HOME' => 'd:\\games\\openserver\\modules\\imagemagick'
    'MAGICK_TEMPORARY_PATH' => 'd:\\games\\openserver\\userdata\\temp'
    'NUMBER_OF_PROCESSORS' => '4'
    'OneDrive' => 'C:\\Users\\123\\OneDrive'
    'OPENSSL_CONF' => 'd:\\games\\openserver\\modules\\http\\Apache-PHP-7-x64\\conf\\openssl.cnf'
    'OS' => 'Windows_NT'
    'Path' => 'D:\\games\\openserver\\modules\\conemu;D:\\games\\openserver\\modules\\conemu\\ConEmu;d:\\games\\openserver\\modules\\php\\PHP-7-x64\\ext;d:\\games\\openserver\\modules\\php\\PHP-7-x64\\pear;d:\\games\\openserver\\modules\\php\\PHP-7-x64\\pear\\bin;d:\\games\\openserver\\modules\\php\\PHP-7-x64;d:\\games\\openserver\\modules\\imagemagick;d:\\games\\openserver\\modules\\wget\\bin;d:\\games\\openserver\\modules\\git;d:\\games\\openserver\\modules\\git\\bin;d:\\games\\openserver\\modules\\git\\mingw\\bin;d:\\games\\openserver\\modules\\git\\cmd;d:\\games\\openserver\\modules\\database\\MySQL-5.7-x64\\bin;d:\\games\\openserver\\modules\\http\\Apache-PHP-7-x64\\bin;d:\\games\\openserver\\modules\\http\\Apache-PHP-7-x64;C:\\Windows\\system32;C:\\Windows;C:\\Windows\\system32\\Wbem;C:\\Windows\\SysWOW64'
    'PATHEXT' => '.COM;.EXE;.BAT;.CMD;.VBS;.VBE;.JS;.JSE;.WSF;.WSH;.MSC'
    'PHPBIN' => 'd:\\games\\openserver\\modules\\php\\PHP-7-x64\\php.exe'
    'PHPDIR' => 'd:\\games\\openserver\\modules\\php\\PHP-7-x64\\'
    'PHPRC' => 'd:\\games\\openserver\\modules\\php\\PHP-7-x64'
    'PHP_BIN' => 'd:\\games\\openserver\\modules\\php\\PHP-7-x64\\php.exe'
    'PHP_BINARY' => 'd:\\games\\openserver\\modules\\php\\PHP-7-x64\\php.exe'
    'PHP_BINDIR' => 'd:\\games\\openserver\\modules\\php\\PHP-7-x64\\'
    'PHP_COMMAND' => 'php.exe'
    'PHP_DIR' => 'd:\\games\\openserver\\modules\\php\\PHP-7-x64\\'
    'PHP_INI' => 'd:\\games\\openserver\\modules\\php\\PHP-7-x64\\php.ini'
    'PHP_PEAR_BIN_DIR' => 'd:\\games\\openserver\\modules\\php\\PHP-7-x64\\PEAR'
    'PHP_PEAR_DATA_DIR' => 'd:\\games\\openserver\\modules\\php\\PHP-7-x64\\PEAR\\data'
    'PHP_PEAR_DOC_DIR' => 'd:\\games\\openserver\\modules\\php\\PHP-7-x64\\PEAR\\docs'
    'PHP_PEAR_INSTALL_DIR' => 'd:\\games\\openserver\\modules\\php\\PHP-7-x64\\PEAR\\pear'
    'PHP_PEAR_PHP_BIN' => 'd:\\games\\openserver\\modules\\php\\PHP-7-x64\\php.exe'
    'PHP_PEAR_SYSCONF_DIR' => 'd:\\games\\openserver\\modules\\php\\PHP-7-x64\\PEAR'
    'PHP_PEAR_TEST_DIR' => 'd:\\games\\openserver\\modules\\php\\PHP-7-x64\\PEAR\\tests'
    'PLINK_PROTOCOL' => 'ssh'
    'PROCESSOR_ARCHITECTURE' => 'AMD64'
    'PROCESSOR_IDENTIFIER' => 'AMD64 Family 16 Model 4 Stepping 3, AuthenticAMD'
    'PROCESSOR_LEVEL' => '16'
    'PROCESSOR_REVISION' => '0403'
    'ProgramData' => 'C:\\ProgramData'
    'ProgramFiles' => 'C:\\Program Files'
    'ProgramFiles(x86)' => 'C:\\Program Files (x86)'
    'ProgramW6432' => 'C:\\Program Files'
    'PROMPT' => '$E[32m$E]9;8;\"USERNAME\"$E\\@$E]9;8;\"COMPUTERNAME\"$E\\$S$E[92m$P$E[90m$_$E[90m$G$E[m$S'
    'PSModulePath' => 'C:\\Program Files\\WindowsPowerShell\\Modules;C:\\Windows\\system32\\WindowsPowerShell\\v1.0\\Modules'
    'PUBLIC' => 'C:\\Users\\Public'
    'SESSIONNAME' => 'Console'
    'SystemDrive' => 'C:'
    'SystemRoot' => 'C:\\Windows'
    'TEMP' => 'd:\\games\\openserver\\userdata\\temp'
    'TERM' => 'msys'
    'TMP' => 'd:\\games\\openserver\\userdata\\temp'
    'USERDOMAIN' => 'DESKTOP-GN6A2HH'
    'USERDOMAIN_ROAMINGPROFILE' => 'DESKTOP-GN6A2HH'
    'USERNAME' => '123'
    'USERPROFILE' => 'C:\\Users\\123'
    'windir' => 'C:\\Windows'
    'YII_PATH' => 'd:\\Games\\OpenServer\\domains\\advanced\\'
    'PHP_SELF' => 'd:\\Games\\OpenServer\\domains\\advanced\\yii'
    'SCRIPT_NAME' => 'd:\\Games\\OpenServer\\domains\\advanced\\yii'
    'SCRIPT_FILENAME' => 'd:\\Games\\OpenServer\\domains\\advanced\\yii'
    'PATH_TRANSLATED' => 'd:\\Games\\OpenServer\\domains\\advanced\\yii'
    'DOCUMENT_ROOT' => ''
    'REQUEST_TIME_FLOAT' => 1494514593.4717
    'REQUEST_TIME' => 1494514593
    'argv' => [
        0 => 'd:\\Games\\OpenServer\\domains\\advanced\\yii'
        1 => 'migrations'
    ]
    'argc' => 2
]
2017-05-11 17:56:59 [-][-][-][error][yii\console\UnknownCommandException] yii\base\InvalidRouteException: Unable to resolve the request "migration". in D:\Games\OpenServer\domains\advanced\vendor\yiisoft\yii2\base\Module.php:532
Stack trace:
#0 D:\Games\OpenServer\domains\advanced\vendor\yiisoft\yii2\console\Application.php(180): yii\base\Module->runAction('migration', Array)
#1 D:\Games\OpenServer\domains\advanced\vendor\yiisoft\yii2\console\Application.php(147): yii\console\Application->runAction('migration', Array)
#2 D:\Games\OpenServer\domains\advanced\vendor\yiisoft\yii2\base\Application.php(380): yii\console\Application->handleRequest(Object(yii\console\Request))
#3 D:\Games\OpenServer\domains\advanced\yii(27): yii\base\Application->run()
#4 {main}

Next yii\console\UnknownCommandException: Unknown command "migration". in D:\Games\OpenServer\domains\advanced\vendor\yiisoft\yii2\console\Application.php:183
Stack trace:
#0 D:\Games\OpenServer\domains\advanced\vendor\yiisoft\yii2\console\Application.php(147): yii\console\Application->runAction('migration', Array)
#1 D:\Games\OpenServer\domains\advanced\vendor\yiisoft\yii2\base\Application.php(380): yii\console\Application->handleRequest(Object(yii\console\Request))
#2 D:\Games\OpenServer\domains\advanced\yii(27): yii\base\Application->run()
#3 {main}
2017-05-11 17:56:59 [-][-][-][info][application] $_SERVER = [
    'ALLUSERSPROFILE' => 'C:\\ProgramData'
    'ANSICON' => '88x9000 (88x25)'
    'ANSICON_DEF' => '7'
    'APPDATA' => 'C:\\Users\\123\\AppData\\Roaming'
    'BREAKPAD_DUMP_LOCATION' => 'C:\\Users\\Public\\Documents\\Google\\Chrome'
    'CHROME_CRASHPAD_SERVER_URL' => 'https://client2.google.com/cr/reports'
    'CommonProgramFiles' => 'C:\\Program Files\\Common Files'
    'CommonProgramFiles(x86)' => 'C:\\Program Files (x86)\\Common Files'
    'CommonProgramW6432' => 'C:\\Program Files\\Common Files'
    'COMPUTERNAME' => 'DESKTOP-GN6A2HH'
    'ComSpec' => 'C:\\Windows\\system32\\cmd.exe'
    'ConEmuANSI' => 'ON'
    'ConEmuAnsiLog' => ''
    'ConEmuArgs' => '/Single'
    'ConEmuBackHWND' => '0x00030B1A'
    'ConEmuBaseDir' => 'D:\\games\\openserver\\modules\\conemu\\ConEmu'
    'ConEmuBuild' => '150813g'
    'ConEmuConfig' => ''
    'ConEmuDir' => 'D:\\games\\openserver\\modules\\conemu'
    'ConEmuDrawHWND' => '0x00030B3A'
    'ConEmuDrive' => 'D:'
    'ConEmuHooks' => 'Enabled'
    'ConEmuHWND' => '0x00160800'
    'ConEmuPID' => '3092'
    'ConEmuPrompt0' => '$E[32m$E]9;8;\"USERNAME\"$E\\@$E]9;8;\"COMPUTERNAME\"$E\\$S'
    'ConEmuPrompt1' => '$E[32m$E]9;8;\"USERNAME\"$E\\@$E]9;8;\"COMPUTERNAME\"$E\\$S$E[92m$P$E[90m'
    'ConEmuPrompt2' => '$_$E[90m$G'
    'ConEmuPrompt3' => '$E[m$S'
    'ConEmuServerPID' => '9316'
    'ConEmuWorkDir' => 'd:\\games\\openserver'
    'ConEmuWorkDrive' => 'd:'
    'HOME' => 'd:\\games\\openserver'
    'HOMEDRIVE' => 'd:'
    'HOMEPATH' => '\\games\\openserver'
    'LOCALAPPDATA' => 'C:\\Users\\123\\AppData\\Local'
    'LOGONSERVER' => '\\\\DESKTOP-GN6A2HH'
    'MAGICK_CODER_FILTER_PATH' => 'd:\\games\\openserver\\modules\\imagemagick\\modules\\filters'
    'MAGICK_CODER_MODULE_PATH' => 'd:\\games\\openserver\\modules\\imagemagick\\modules\\coders'
    'MAGICK_CONFIGURE_PATH' => 'd:\\games\\openserver\\modules\\imagemagick'
    'MAGICK_HOME' => 'd:\\games\\openserver\\modules\\imagemagick'
    'MAGICK_TEMPORARY_PATH' => 'd:\\games\\openserver\\userdata\\temp'
    'NUMBER_OF_PROCESSORS' => '4'
    'OneDrive' => 'C:\\Users\\123\\OneDrive'
    'OPENSSL_CONF' => 'd:\\games\\openserver\\modules\\http\\Apache-PHP-7-x64\\conf\\openssl.cnf'
    'OS' => 'Windows_NT'
    'Path' => 'D:\\games\\openserver\\modules\\conemu;D:\\games\\openserver\\modules\\conemu\\ConEmu;d:\\games\\openserver\\modules\\php\\PHP-7-x64\\ext;d:\\games\\openserver\\modules\\php\\PHP-7-x64\\pear;d:\\games\\openserver\\modules\\php\\PHP-7-x64\\pear\\bin;d:\\games\\openserver\\modules\\php\\PHP-7-x64;d:\\games\\openserver\\modules\\imagemagick;d:\\games\\openserver\\modules\\wget\\bin;d:\\games\\openserver\\modules\\git;d:\\games\\openserver\\modules\\git\\bin;d:\\games\\openserver\\modules\\git\\mingw\\bin;d:\\games\\openserver\\modules\\git\\cmd;d:\\games\\openserver\\modules\\database\\MySQL-5.7-x64\\bin;d:\\games\\openserver\\modules\\http\\Apache-PHP-7-x64\\bin;d:\\games\\openserver\\modules\\http\\Apache-PHP-7-x64;C:\\Windows\\system32;C:\\Windows;C:\\Windows\\system32\\Wbem;C:\\Windows\\SysWOW64'
    'PATHEXT' => '.COM;.EXE;.BAT;.CMD;.VBS;.VBE;.JS;.JSE;.WSF;.WSH;.MSC'
    'PHPBIN' => 'd:\\games\\openserver\\modules\\php\\PHP-7-x64\\php.exe'
    'PHPDIR' => 'd:\\games\\openserver\\modules\\php\\PHP-7-x64\\'
    'PHPRC' => 'd:\\games\\openserver\\modules\\php\\PHP-7-x64'
    'PHP_BIN' => 'd:\\games\\openserver\\modules\\php\\PHP-7-x64\\php.exe'
    'PHP_BINARY' => 'd:\\games\\openserver\\modules\\php\\PHP-7-x64\\php.exe'
    'PHP_BINDIR' => 'd:\\games\\openserver\\modules\\php\\PHP-7-x64\\'
    'PHP_COMMAND' => 'php.exe'
    'PHP_DIR' => 'd:\\games\\openserver\\modules\\php\\PHP-7-x64\\'
    'PHP_INI' => 'd:\\games\\openserver\\modules\\php\\PHP-7-x64\\php.ini'
    'PHP_PEAR_BIN_DIR' => 'd:\\games\\openserver\\modules\\php\\PHP-7-x64\\PEAR'
    'PHP_PEAR_DATA_DIR' => 'd:\\games\\openserver\\modules\\php\\PHP-7-x64\\PEAR\\data'
    'PHP_PEAR_DOC_DIR' => 'd:\\games\\openserver\\modules\\php\\PHP-7-x64\\PEAR\\docs'
    'PHP_PEAR_INSTALL_DIR' => 'd:\\games\\openserver\\modules\\php\\PHP-7-x64\\PEAR\\pear'
    'PHP_PEAR_PHP_BIN' => 'd:\\games\\openserver\\modules\\php\\PHP-7-x64\\php.exe'
    'PHP_PEAR_SYSCONF_DIR' => 'd:\\games\\openserver\\modules\\php\\PHP-7-x64\\PEAR'
    'PHP_PEAR_TEST_DIR' => 'd:\\games\\openserver\\modules\\php\\PHP-7-x64\\PEAR\\tests'
    'PLINK_PROTOCOL' => 'ssh'
    'PROCESSOR_ARCHITECTURE' => 'AMD64'
    'PROCESSOR_IDENTIFIER' => 'AMD64 Family 16 Model 4 Stepping 3, AuthenticAMD'
    'PROCESSOR_LEVEL' => '16'
    'PROCESSOR_REVISION' => '0403'
    'ProgramData' => 'C:\\ProgramData'
    'ProgramFiles' => 'C:\\Program Files'
    'ProgramFiles(x86)' => 'C:\\Program Files (x86)'
    'ProgramW6432' => 'C:\\Program Files'
    'PROMPT' => '$E[32m$E]9;8;\"USERNAME\"$E\\@$E]9;8;\"COMPUTERNAME\"$E\\$S$E[92m$P$E[90m$_$E[90m$G$E[m$S'
    'PSModulePath' => 'C:\\Program Files\\WindowsPowerShell\\Modules;C:\\Windows\\system32\\WindowsPowerShell\\v1.0\\Modules'
    'PUBLIC' => 'C:\\Users\\Public'
    'SESSIONNAME' => 'Console'
    'SystemDrive' => 'C:'
    'SystemRoot' => 'C:\\Windows'
    'TEMP' => 'd:\\games\\openserver\\userdata\\temp'
    'TERM' => 'msys'
    'TMP' => 'd:\\games\\openserver\\userdata\\temp'
    'USERDOMAIN' => 'DESKTOP-GN6A2HH'
    'USERDOMAIN_ROAMINGPROFILE' => 'DESKTOP-GN6A2HH'
    'USERNAME' => '123'
    'USERPROFILE' => 'C:\\Users\\123'
    'windir' => 'C:\\Windows'
    'YII_PATH' => 'd:\\Games\\OpenServer\\domains\\advanced\\'
    'PHP_SELF' => 'd:\\Games\\OpenServer\\domains\\advanced\\yii'
    'SCRIPT_NAME' => 'd:\\Games\\OpenServer\\domains\\advanced\\yii'
    'SCRIPT_FILENAME' => 'd:\\Games\\OpenServer\\domains\\advanced\\yii'
    'PATH_TRANSLATED' => 'd:\\Games\\OpenServer\\domains\\advanced\\yii'
    'DOCUMENT_ROOT' => ''
    'REQUEST_TIME_FLOAT' => 1494514619.7981
    'REQUEST_TIME' => 1494514619
    'argv' => [
        0 => 'd:\\Games\\OpenServer\\domains\\advanced\\yii'
        1 => 'migration'
    ]
    'argc' => 2
]
